mode: atomic
davidterranova/jurigen/main.go:35.13,37.16 2 0
davidterranova/jurigen/main.go:37.16,42.3 1 0
davidterranova/jurigen/cmd/dag.go:19.47,21.20 1 0
davidterranova/jurigen/cmd/dag.go:21.20,23.4 1 0
davidterranova/jurigen/cmd/dag.go:26.3,26.53 1 0
davidterranova/jurigen/cmd/dag.go:26.53,28.4 1 0
davidterranova/jurigen/cmd/dag.go:30.3,31.17 2 0
davidterranova/jurigen/cmd/dag.go:31.17,33.4 1 0
davidterranova/jurigen/cmd/dag.go:35.3,37.17 3 0
davidterranova/jurigen/cmd/dag.go:37.17,39.4 1 0
davidterranova/jurigen/cmd/dag.go:41.3,41.19 1 0
davidterranova/jurigen/cmd/dag.go:45.13,48.16 3 0
davidterranova/jurigen/cmd/dag.go:48.16,50.3 1 0
davidterranova/jurigen/cmd/dag.go:52.2,52.28 1 0
davidterranova/jurigen/cmd/interactive.go:21.47,23.31 1 0
davidterranova/jurigen/cmd/interactive.go:23.31,25.4 1 0
davidterranova/jurigen/cmd/interactive.go:28.3,28.64 1 0
davidterranova/jurigen/cmd/interactive.go:28.64,30.4 1 0
davidterranova/jurigen/cmd/interactive.go:33.3,34.17 2 0
davidterranova/jurigen/cmd/interactive.go:34.17,36.4 1 0
davidterranova/jurigen/cmd/interactive.go:38.3,40.17 3 0
davidterranova/jurigen/cmd/interactive.go:40.17,42.4 1 0
davidterranova/jurigen/cmd/interactive.go:45.3,46.17 2 0
davidterranova/jurigen/cmd/interactive.go:46.17,48.4 1 0
davidterranova/jurigen/cmd/interactive.go:50.3,57.21 6 0
davidterranova/jurigen/cmd/interactive.go:57.21,61.4 3 0
davidterranova/jurigen/cmd/interactive.go:61.9,63.4 1 0
davidterranova/jurigen/cmd/interactive.go:66.3,67.17 2 0
davidterranova/jurigen/cmd/interactive.go:67.17,69.4 1 0
davidterranova/jurigen/cmd/interactive.go:72.3,76.31 4 0
davidterranova/jurigen/cmd/interactive.go:76.31,81.32 3 0
davidterranova/jurigen/cmd/interactive.go:81.32,83.5 1 0
davidterranova/jurigen/cmd/interactive.go:85.4,85.32 1 0
davidterranova/jurigen/cmd/interactive.go:85.32,86.64 1 0
davidterranova/jurigen/cmd/interactive.go:86.64,88.6 1 0
davidterranova/jurigen/cmd/interactive.go:89.5,89.51 1 0
davidterranova/jurigen/cmd/interactive.go:89.51,91.36 2 0
davidterranova/jurigen/cmd/interactive.go:92.20,93.21 1 0
davidterranova/jurigen/cmd/interactive.go:94.25,96.32 2 0
davidterranova/jurigen/cmd/interactive.go:96.32,97.42 1 0
davidterranova/jurigen/cmd/interactive.go:97.42,99.9 1 0
davidterranova/jurigen/cmd/interactive.go:102.6,102.26 1 0
davidterranova/jurigen/cmd/interactive.go:102.26,104.7 1 0
davidterranova/jurigen/cmd/interactive.go:108.4,108.17 1 0
davidterranova/jurigen/cmd/interactive.go:111.3,112.87 2 0
davidterranova/jurigen/cmd/interactive.go:116.13,120.16 4 0
davidterranova/jurigen/cmd/interactive.go:120.16,122.3 1 0
davidterranova/jurigen/cmd/interactive.go:124.2,124.36 1 0
davidterranova/jurigen/cmd/root.go:11.22,13.2 1 0
davidterranova/jurigen/cmd/server.go:50.57,77.16 7 0
davidterranova/jurigen/cmd/server.go:77.16,80.3 2 0
davidterranova/jurigen/cmd/server.go:83.2,84.16 2 0
davidterranova/jurigen/cmd/server.go:84.16,86.3 1 0
davidterranova/jurigen/cmd/server.go:86.8,92.3 1 0
davidterranova/jurigen/cmd/server.go:95.2,99.16 3 0
davidterranova/jurigen/cmd/server.go:99.16,102.3 2 0
davidterranova/jurigen/cmd/server.go:104.2,105.16 2 0
davidterranova/jurigen/cmd/server.go:105.16,108.3 2 0
davidterranova/jurigen/cmd/server.go:111.2,124.12 8 0
davidterranova/jurigen/cmd/server.go:124.12,126.43 2 0
davidterranova/jurigen/cmd/server.go:126.43,128.4 1 0
davidterranova/jurigen/cmd/server.go:132.2,132.9 1 0
davidterranova/jurigen/cmd/server.go:133.27,138.38 3 0
davidterranova/jurigen/cmd/server.go:138.38,140.47 2 0
davidterranova/jurigen/cmd/server.go:140.47,142.5 1 0
davidterranova/jurigen/cmd/server.go:142.10,144.5 1 0
davidterranova/jurigen/cmd/server.go:147.3,147.49 1 0
davidterranova/jurigen/cmd/server.go:149.30,152.13 3 0
davidterranova/jurigen/cmd/server.go:155.2,155.12 1 0
davidterranova/jurigen/cmd/server.go:158.13,167.2 5 0
davidterranova/jurigen/cmd/validate.go:45.13,52.2 5 0
davidterranova/jurigen/cmd/validate.go:54.63,59.16 3 0
davidterranova/jurigen/cmd/validate.go:59.16,61.3 1 0
davidterranova/jurigen/cmd/validate.go:64.2,65.55 2 0
davidterranova/jurigen/cmd/validate.go:65.55,67.3 1 0
davidterranova/jurigen/cmd/validate.go:70.2,74.22 3 0
davidterranova/jurigen/cmd/validate.go:75.14,76.35 1 0
davidterranova/jurigen/cmd/validate.go:77.10,78.45 1 0
davidterranova/jurigen/cmd/validate.go:82.63,84.16 2 0
davidterranova/jurigen/cmd/validate.go:84.16,86.3 1 0
davidterranova/jurigen/cmd/validate.go:88.2,89.12 2 0
davidterranova/jurigen/cmd/validate.go:92.80,97.20 3 0
davidterranova/jurigen/cmd/validate.go:97.20,99.3 1 0
davidterranova/jurigen/cmd/validate.go:99.8,101.3 1 0
davidterranova/jurigen/cmd/validate.go:103.2,106.65 2 0
davidterranova/jurigen/cmd/validate.go:106.65,115.45 8 0
davidterranova/jurigen/cmd/validate.go:115.45,117.4 1 0
davidterranova/jurigen/cmd/validate.go:119.3,119.44 1 0
davidterranova/jurigen/cmd/validate.go:119.44,121.4 1 0
davidterranova/jurigen/cmd/validate.go:122.3,122.16 1 0
davidterranova/jurigen/cmd/validate.go:125.2,125.15 1 0
davidterranova/jurigen/cmd/validate.go:125.15,127.3 1 0
davidterranova/jurigen/cmd/validate.go:130.2,130.28 1 0
davidterranova/jurigen/cmd/validate.go:130.28,132.37 2 0
davidterranova/jurigen/cmd/validate.go:132.37,134.24 2 0
davidterranova/jurigen/cmd/validate.go:134.24,136.5 1 0
davidterranova/jurigen/cmd/validate.go:137.4,137.26 1 0
davidterranova/jurigen/cmd/validate.go:137.26,139.5 1 0
davidterranova/jurigen/cmd/validate.go:140.4,140.17 1 0
davidterranova/jurigen/cmd/validate.go:142.3,142.16 1 0
davidterranova/jurigen/cmd/validate.go:146.2,146.30 1 0
davidterranova/jurigen/cmd/validate.go:146.30,148.43 2 0
davidterranova/jurigen/cmd/validate.go:148.43,150.28 2 0
davidterranova/jurigen/cmd/validate.go:150.28,152.5 1 0
davidterranova/jurigen/cmd/validate.go:153.4,153.30 1 0
davidterranova/jurigen/cmd/validate.go:153.30,155.5 1 0
davidterranova/jurigen/cmd/validate.go:156.4,156.17 1 0
davidterranova/jurigen/cmd/validate.go:158.3,158.16 1 0
davidterranova/jurigen/cmd/validate.go:162.2,162.38 1 0
davidterranova/jurigen/cmd/validate.go:162.38,169.3 6 0
davidterranova/jurigen/cmd/validate.go:172.2,172.21 1 0
davidterranova/jurigen/cmd/validate.go:172.21,174.3 1 0
davidterranova/jurigen/cmd/validate.go:176.2,176.12 1 0
davidterranova/jurigen/cmd/version.go:10.13,12.2 1 0
davidterranova/jurigen/cmd/version.go:28.52,30.2 1 0
davidterranova/jurigen/internal/app.go:33.52,41.2 1 0
davidterranova/jurigen/internal/app.go:43.81,45.2 1 0
davidterranova/jurigen/internal/app.go:47.87,49.2 1 0
davidterranova/jurigen/internal/app.go:51.87,53.2 1 0
davidterranova/jurigen/docs/swagger/docs.go:488.13,490.2 1 0
davidterranova/jurigen/pkg/auth/auth.go:19.62,21.9 2 0
davidterranova/jurigen/pkg/auth/auth.go:21.9,23.3 1 0
davidterranova/jurigen/pkg/auth/auth.go:25.2,25.15 1 0
davidterranova/jurigen/pkg/auth/auth.go:28.72,30.2 1 0
davidterranova/jurigen/pkg/auth/basic.go:11.65,12.51 1 0
davidterranova/jurigen/pkg/auth/basic.go:12.51,14.10 2 0
davidterranova/jurigen/pkg/auth/basic.go:14.10,16.4 1 0
davidterranova/jurigen/pkg/auth/basic.go:18.3,19.55 2 0
davidterranova/jurigen/pkg/auth/basic.go:23.92,24.51 1 0
davidterranova/jurigen/pkg/auth/basic.go:24.51,26.10 2 0
davidterranova/jurigen/pkg/auth/basic.go:26.10,28.4 1 0
davidterranova/jurigen/pkg/auth/basic.go:30.3,30.57 1 0
davidterranova/jurigen/pkg/auth/basic.go:30.57,32.4 1 0
davidterranova/jurigen/pkg/auth/basic.go:34.3,35.55 2 0
davidterranova/jurigen/pkg/auth/basic.go:39.78,42.71 2 0
davidterranova/jurigen/pkg/auth/basic.go:42.71,44.3 1 0
davidterranova/jurigen/pkg/auth/basic.go:45.2,46.16 2 0
davidterranova/jurigen/pkg/auth/basic.go:46.16,48.3 1 0
davidterranova/jurigen/pkg/auth/basic.go:49.2,51.9 3 0
davidterranova/jurigen/pkg/auth/basic.go:51.9,53.3 1 0
davidterranova/jurigen/pkg/auth/basic.go:54.2,54.33 1 0
davidterranova/jurigen/pkg/auth/basic.go:57.34,58.22 1 0
davidterranova/jurigen/pkg/auth/basic.go:58.22,60.3 1 0
davidterranova/jurigen/pkg/auth/basic.go:61.2,61.30 1 0
davidterranova/jurigen/pkg/auth/basic.go:61.30,62.33 1 0
davidterranova/jurigen/pkg/auth/basic.go:62.33,64.4 1 0
davidterranova/jurigen/pkg/auth/basic.go:66.2,66.13 1 0
davidterranova/jurigen/pkg/auth/basic.go:69.25,70.26 1 0
davidterranova/jurigen/pkg/auth/basic.go:70.26,72.3 1 0
davidterranova/jurigen/pkg/auth/basic.go:73.2,73.10 1 0
davidterranova/jurigen/pkg/user/user.go:18.48,19.18 1 0
davidterranova/jurigen/pkg/user/user.go:20.29,21.36 1 0
davidterranova/jurigen/pkg/user/user.go:22.22,23.29 1 0
davidterranova/jurigen/pkg/user/user.go:24.10,25.32 1 0
davidterranova/jurigen/pkg/user/user.go:29.46,31.2 1 0
davidterranova/jurigen/pkg/user/user.go:37.43,39.2 1 0
davidterranova/jurigen/pkg/user/user.go:41.44,43.2 1 0
davidterranova/jurigen/pkg/user/user.go:49.36,51.2 1 0
davidterranova/jurigen/pkg/user/user.go:53.37,55.2 1 0
davidterranova/jurigen/pkg/user/user.go:59.45,61.2 1 0
davidterranova/jurigen/pkg/user/user.go:63.46,65.2 1 0
davidterranova/jurigen/pkg/xhttp/auth.go:13.68,14.46 1 0
davidterranova/jurigen/pkg/xhttp/auth.go:14.46,15.72 1 0
davidterranova/jurigen/pkg/xhttp/auth.go:15.72,19.18 3 0
davidterranova/jurigen/pkg/xhttp/auth.go:19.18,22.5 2 0
davidterranova/jurigen/pkg/xhttp/auth.go:24.4,25.33 2 0
davidterranova/jurigen/pkg/xhttp/auth.go:30.59,31.50 1 0
davidterranova/jurigen/pkg/xhttp/auth.go:31.50,33.17 2 0
davidterranova/jurigen/pkg/xhttp/auth.go:33.17,35.4 1 0
davidterranova/jurigen/pkg/xhttp/auth.go:37.3,37.19 1 0
davidterranova/jurigen/pkg/xhttp/auth.go:41.26,42.50 1 0
davidterranova/jurigen/pkg/xhttp/auth.go:42.50,44.17 2 0
davidterranova/jurigen/pkg/xhttp/auth.go:44.17,46.4 1 0
davidterranova/jurigen/pkg/xhttp/auth.go:48.3,48.19 1 0
davidterranova/jurigen/pkg/xhttp/cors.go:10.45,12.2 1 0
davidterranova/jurigen/pkg/xhttp/cors.go:16.61,18.2 1 0
davidterranova/jurigen/pkg/xhttp/debug.go:11.56,23.16 10 0
davidterranova/jurigen/pkg/xhttp/debug.go:23.16,28.3 1 0
davidterranova/jurigen/pkg/xhttp/debug.go:29.2,29.63 1 0
davidterranova/jurigen/pkg/xhttp/json.go:20.83,25.16 4 0
davidterranova/jurigen/pkg/xhttp/json.go:25.16,29.3 1 0
davidterranova/jurigen/pkg/xhttp/json.go:32.110,42.2 1 0
davidterranova/jurigen/pkg/xhttp/json.go:44.56,46.2 1 0
davidterranova/jurigen/pkg/xhttp/server.go:28.69,34.2 1 0
davidterranova/jurigen/pkg/xhttp/server.go:37.34,39.2 1 0
davidterranova/jurigen/pkg/xhttp/server.go:42.50,51.12 2 0
davidterranova/jurigen/pkg/xhttp/server.go:51.12,53.48 2 0
davidterranova/jurigen/pkg/xhttp/server.go:53.48,58.4 1 0
davidterranova/jurigen/pkg/xhttp/server.go:61.2,72.47 6 0
davidterranova/jurigen/pkg/xhttp/server.go:72.47,74.3 1 0
davidterranova/jurigen/pkg/xhttp/server.go:76.2,76.12 1 0
davidterranova/jurigen/internal/usecase/dag_validator.go:52.38,54.2 1 28
davidterranova/jurigen/internal/usecase/dag_validator.go:57.65,65.14 2 29
davidterranova/jurigen/internal/usecase/dag_validator.go:65.14,73.3 3 3
davidterranova/jurigen/internal/usecase/dag_validator.go:76.2,82.15 6 26
davidterranova/jurigen/internal/usecase/dag_validator.go:86.85,87.22 1 26
davidterranova/jurigen/internal/usecase/dag_validator.go:87.22,94.3 2 2
davidterranova/jurigen/internal/usecase/dag_validator.go:96.2,96.19 1 26
davidterranova/jurigen/internal/usecase/dag_validator.go:96.19,103.3 2 2
davidterranova/jurigen/internal/usecase/dag_validator.go:105.2,105.23 1 26
davidterranova/jurigen/internal/usecase/dag_validator.go:105.23,112.3 2 6
davidterranova/jurigen/internal/usecase/dag_validator.go:116.76,117.36 1 26
davidterranova/jurigen/internal/usecase/dag_validator.go:117.36,119.24 1 45
davidterranova/jurigen/internal/usecase/dag_validator.go:119.24,127.4 2 2
davidterranova/jurigen/internal/usecase/dag_validator.go:130.3,130.26 1 45
davidterranova/jurigen/internal/usecase/dag_validator.go:130.26,138.4 2 2
davidterranova/jurigen/internal/usecase/dag_validator.go:141.3,141.37 1 45
davidterranova/jurigen/internal/usecase/dag_validator.go:146.93,147.38 1 45
davidterranova/jurigen/internal/usecase/dag_validator.go:147.38,149.28 1 49
davidterranova/jurigen/internal/usecase/dag_validator.go:149.28,157.4 2 0
davidterranova/jurigen/internal/usecase/dag_validator.go:160.3,160.29 1 49
davidterranova/jurigen/internal/usecase/dag_validator.go:160.29,169.4 2 2
davidterranova/jurigen/internal/usecase/dag_validator.go:172.3,172.29 1 49
davidterranova/jurigen/internal/usecase/dag_validator.go:172.29,173.55 1 37
davidterranova/jurigen/internal/usecase/dag_validator.go:173.55,182.5 2 2
davidterranova/jurigen/internal/usecase/dag_validator.go:188.79,193.30 3 26
davidterranova/jurigen/internal/usecase/dag_validator.go:193.30,195.3 1 45
davidterranova/jurigen/internal/usecase/dag_validator.go:197.2,197.31 1 26
davidterranova/jurigen/internal/usecase/dag_validator.go:197.31,198.39 1 45
davidterranova/jurigen/internal/usecase/dag_validator.go:198.39,199.30 1 49
davidterranova/jurigen/internal/usecase/dag_validator.go:199.30,201.5 1 37
davidterranova/jurigen/internal/usecase/dag_validator.go:206.2,207.31 2 26
davidterranova/jurigen/internal/usecase/dag_validator.go:207.31,208.31 1 45
davidterranova/jurigen/internal/usecase/dag_validator.go:208.31,210.4 1 16
davidterranova/jurigen/internal/usecase/dag_validator.go:213.2,213.25 1 26
davidterranova/jurigen/internal/usecase/dag_validator.go:213.25,220.3 2 11
davidterranova/jurigen/internal/usecase/dag_validator.go:220.8,220.31 1 15
davidterranova/jurigen/internal/usecase/dag_validator.go:220.31,223.32 3 1
davidterranova/jurigen/internal/usecase/dag_validator.go:223.32,225.4 1 2
davidterranova/jurigen/internal/usecase/dag_validator.go:226.3,230.5 1 1
davidterranova/jurigen/internal/usecase/dag_validator.go:234.2,236.31 3 26
davidterranova/jurigen/internal/usecase/dag_validator.go:236.31,238.3 1 16
davidterranova/jurigen/internal/usecase/dag_validator.go:242.77,248.54 5 26
davidterranova/jurigen/internal/usecase/dag_validator.go:248.54,249.22 1 59
davidterranova/jurigen/internal/usecase/dag_validator.go:249.22,252.28 2 6
davidterranova/jurigen/internal/usecase/dag_validator.go:252.28,253.21 1 6
davidterranova/jurigen/internal/usecase/dag_validator.go:253.21,255.11 2 6
davidterranova/jurigen/internal/usecase/dag_validator.go:258.4,258.23 1 6
davidterranova/jurigen/internal/usecase/dag_validator.go:258.23,260.42 2 6
davidterranova/jurigen/internal/usecase/dag_validator.go:260.42,262.6 1 14
davidterranova/jurigen/internal/usecase/dag_validator.go:263.5,264.58 2 6
davidterranova/jurigen/internal/usecase/dag_validator.go:266.4,266.15 1 6
davidterranova/jurigen/internal/usecase/dag_validator.go:269.3,269.22 1 53
davidterranova/jurigen/internal/usecase/dag_validator.go:269.22,271.4 1 6
davidterranova/jurigen/internal/usecase/dag_validator.go:273.3,279.13 5 47
davidterranova/jurigen/internal/usecase/dag_validator.go:279.13,280.40 1 45
davidterranova/jurigen/internal/usecase/dag_validator.go:280.40,281.31 1 48
davidterranova/jurigen/internal/usecase/dag_validator.go:281.31,282.40 1 36
davidterranova/jurigen/internal/usecase/dag_validator.go:282.40,284.7 1 14
davidterranova/jurigen/internal/usecase/dag_validator.go:289.3,290.15 2 33
davidterranova/jurigen/internal/usecase/dag_validator.go:294.2,295.30 2 26
davidterranova/jurigen/internal/usecase/dag_validator.go:295.30,296.23 1 45
davidterranova/jurigen/internal/usecase/dag_validator.go:296.23,297.34 1 23
davidterranova/jurigen/internal/usecase/dag_validator.go:297.34,299.5 1 6
davidterranova/jurigen/internal/usecase/dag_validator.go:303.2,306.15 3 26
davidterranova/jurigen/internal/usecase/dag_validator.go:306.15,313.3 2 5
davidterranova/jurigen/internal/usecase/dag_validator.go:317.82,324.36 4 26
davidterranova/jurigen/internal/usecase/dag_validator.go:324.36,328.51 2 45
davidterranova/jurigen/internal/usecase/dag_validator.go:328.51,329.40 1 35
davidterranova/jurigen/internal/usecase/dag_validator.go:329.40,330.31 1 38
davidterranova/jurigen/internal/usecase/dag_validator.go:330.31,332.6 1 32
davidterranova/jurigen/internal/usecase/dag_validator.go:334.4,334.15 1 3
davidterranova/jurigen/internal/usecase/dag_validator.go:337.3,337.13 1 45
davidterranova/jurigen/internal/usecase/dag_validator.go:337.13,339.4 1 13
davidterranova/jurigen/internal/usecase/dag_validator.go:342.2,347.76 4 26
davidterranova/jurigen/internal/usecase/dag_validator.go:347.76,350.3 2 15
davidterranova/jurigen/internal/usecase/dag_validator.go:354.77,355.22 1 15
davidterranova/jurigen/internal/usecase/dag_validator.go:355.22,357.3 1 0
davidterranova/jurigen/internal/usecase/dag_validator.go:359.2,360.16 2 15
davidterranova/jurigen/internal/usecase/dag_validator.go:360.16,362.3 1 0
davidterranova/jurigen/internal/usecase/dag_validator.go:364.2,372.21 4 15
davidterranova/jurigen/internal/usecase/dag_validator.go:372.21,376.30 3 36
davidterranova/jurigen/internal/usecase/dag_validator.go:376.30,377.12 1 4
davidterranova/jurigen/internal/usecase/dag_validator.go:380.3,381.31 2 32
davidterranova/jurigen/internal/usecase/dag_validator.go:381.31,383.4 1 13
davidterranova/jurigen/internal/usecase/dag_validator.go:385.3,386.13 2 32
davidterranova/jurigen/internal/usecase/dag_validator.go:386.13,387.40 1 30
davidterranova/jurigen/internal/usecase/dag_validator.go:387.40,388.61 1 33
davidterranova/jurigen/internal/usecase/dag_validator.go:388.61,393.6 1 21
davidterranova/jurigen/internal/usecase/dag_validator.go:398.2,398.17 1 15
davidterranova/jurigen/internal/usecase/dag_validator.go:402.52,405.2 2 3
davidterranova/jurigen/internal/usecase/get_dag.go:21.67,26.2 1 13
davidterranova/jurigen/internal/usecase/get_dag.go:28.89,30.16 2 12
davidterranova/jurigen/internal/usecase/get_dag.go:30.16,32.3 1 5
davidterranova/jurigen/internal/usecase/get_dag.go:34.2,35.16 2 7
davidterranova/jurigen/internal/usecase/get_dag.go:35.16,37.3 1 0
davidterranova/jurigen/internal/usecase/get_dag.go:39.2,39.37 1 7
davidterranova/jurigen/internal/usecase/list_dags.go:17.71,21.2 1 4
davidterranova/jurigen/internal/usecase/list_dags.go:23.91,25.2 1 3
davidterranova/jurigen/internal/usecase/update_dag.go:22.73,27.2 1 10
davidterranova/jurigen/internal/usecase/update_dag.go:29.93,32.16 2 8
davidterranova/jurigen/internal/usecase/update_dag.go:32.16,34.3 1 3
davidterranova/jurigen/internal/usecase/update_dag.go:37.2,38.16 2 5
davidterranova/jurigen/internal/usecase/update_dag.go:38.16,40.3 1 0
davidterranova/jurigen/internal/usecase/update_dag.go:43.2,44.83 2 5
davidterranova/jurigen/internal/usecase/update_dag.go:44.83,46.23 1 1
davidterranova/jurigen/internal/usecase/update_dag.go:46.23,48.4 1 0
davidterranova/jurigen/internal/usecase/update_dag.go:51.3,51.57 1 1
davidterranova/jurigen/internal/usecase/update_dag.go:51.57,53.4 1 0
davidterranova/jurigen/internal/usecase/update_dag.go:56.3,58.23 2 1
davidterranova/jurigen/internal/usecase/update_dag.go:60.2,60.16 1 5
davidterranova/jurigen/internal/usecase/update_dag.go:60.16,62.3 1 3
davidterranova/jurigen/internal/usecase/update_dag.go:64.2,64.24 1 2
davidterranova/jurigen/internal/usecase/update_dag.go:68.67,72.21 3 10
davidterranova/jurigen/internal/usecase/update_dag.go:72.21,75.37 2 8
davidterranova/jurigen/internal/usecase/update_dag.go:75.37,77.4 1 13
davidterranova/jurigen/internal/usecase/update_dag.go:78.3,78.64 1 8
davidterranova/jurigen/internal/usecase/update_dag.go:81.2,81.12 1 2
davidterranova/jurigen/internal/dag/dag.go:32.32,38.2 1 28
davidterranova/jurigen/internal/dag/dag.go:40.50,42.9 2 11
davidterranova/jurigen/internal/dag/dag.go:42.9,44.3 1 2
davidterranova/jurigen/internal/dag/dag.go:45.2,45.18 1 9
davidterranova/jurigen/internal/dag/dag.go:50.42,54.31 2 4
davidterranova/jurigen/internal/dag/dag.go:54.31,55.39 1 6
davidterranova/jurigen/internal/dag/dag.go:55.39,56.30 1 3
davidterranova/jurigen/internal/dag/dag.go:56.30,58.5 1 3
davidterranova/jurigen/internal/dag/dag.go:63.2,64.31 2 4
davidterranova/jurigen/internal/dag/dag.go:64.31,65.32 1 6
davidterranova/jurigen/internal/dag/dag.go:65.32,67.4 1 3
davidterranova/jurigen/internal/dag/dag.go:70.2,70.25 1 4
davidterranova/jurigen/internal/dag/dag.go:70.25,72.3 1 2
davidterranova/jurigen/internal/dag/dag.go:74.2,74.24 1 2
davidterranova/jurigen/internal/dag/dag.go:74.24,76.3 1 1
davidterranova/jurigen/internal/dag/dag.go:78.2,78.26 1 1
davidterranova/jurigen/internal/dag/dag.go:88.44,90.31 2 8
davidterranova/jurigen/internal/dag/dag.go:90.31,92.3 1 9
davidterranova/jurigen/internal/dag/dag.go:95.2,101.26 2 8
davidterranova/jurigen/internal/dag/dag.go:104.48,108.16 3 7
davidterranova/jurigen/internal/dag/dag.go:108.16,110.3 1 1
davidterranova/jurigen/internal/dag/dag.go:113.2,117.20 3 6
davidterranova/jurigen/internal/dag/dag.go:117.20,119.3 1 0
davidterranova/jurigen/internal/dag/dag.go:122.2,122.33 1 6
davidterranova/jurigen/internal/dag/dag.go:122.33,127.35 2 6
davidterranova/jurigen/internal/dag/dag.go:127.35,129.4 1 7
davidterranova/jurigen/internal/dag/dag.go:131.3,131.34 1 6
davidterranova/jurigen/internal/dag/dag.go:134.2,134.12 1 6
davidterranova/jurigen/internal/dag/dag.go:137.30,139.31 2 2
davidterranova/jurigen/internal/dag/dag.go:139.31,141.39 2 1
davidterranova/jurigen/internal/dag/dag.go:141.39,143.30 2 2
davidterranova/jurigen/internal/dag/dag.go:143.30,145.19 2 0
davidterranova/jurigen/internal/dag/dag.go:145.19,147.6 1 0
davidterranova/jurigen/internal/dag/dag.go:147.11,149.6 1 0
davidterranova/jurigen/internal/dag/dag.go:150.10,152.5 1 2
davidterranova/jurigen/internal/dag/dag.go:153.4,153.24 1 2
davidterranova/jurigen/internal/dag/dag.go:155.3,155.23 1 1
davidterranova/jurigen/internal/dag/dag.go:158.2,158.20 1 2
davidterranova/jurigen/internal/dag/dag.go:163.92,167.6 3 6
davidterranova/jurigen/internal/dag/dag.go:167.6,170.17 2 8
davidterranova/jurigen/internal/dag/dag.go:170.17,172.4 1 1
davidterranova/jurigen/internal/dag/dag.go:175.3,175.36 1 7
davidterranova/jurigen/internal/dag/dag.go:175.36,176.9 1 1
davidterranova/jurigen/internal/dag/dag.go:180.3,181.17 2 6
davidterranova/jurigen/internal/dag/dag.go:181.17,183.4 1 1
davidterranova/jurigen/internal/dag/dag.go:186.3,187.46 2 5
davidterranova/jurigen/internal/dag/dag.go:187.46,188.38 1 5
davidterranova/jurigen/internal/dag/dag.go:188.38,190.10 2 4
davidterranova/jurigen/internal/dag/dag.go:194.3,194.15 1 5
davidterranova/jurigen/internal/dag/dag.go:194.15,196.4 1 1
davidterranova/jurigen/internal/dag/dag.go:199.3,202.37 2 4
davidterranova/jurigen/internal/dag/dag.go:202.37,203.9 1 2
davidterranova/jurigen/internal/dag/dag.go:207.3,207.43 1 2
davidterranova/jurigen/internal/dag/dag.go:210.2,210.18 1 3
davidterranova/jurigen/internal/dag/dag.go:213.45,218.38 3 0
davidterranova/jurigen/internal/dag/dag.go:218.38,220.3 1 0
davidterranova/jurigen/internal/dag/dag.go:223.2,227.16 4 0
davidterranova/jurigen/internal/dag/dag.go:227.16,229.3 1 0
davidterranova/jurigen/internal/dag/dag.go:232.2,232.46 1 0
davidterranova/jurigen/internal/dag/dag.go:232.46,234.3 1 0
davidterranova/jurigen/internal/dag/dag.go:237.2,240.28 3 0
davidterranova/jurigen/internal/dag/dag.go:244.56,249.38 3 0
davidterranova/jurigen/internal/dag/dag.go:249.38,251.3 1 0
davidterranova/jurigen/internal/dag/dag.go:254.2,258.16 4 0
davidterranova/jurigen/internal/dag/dag.go:258.16,260.3 1 0
davidterranova/jurigen/internal/dag/dag.go:263.2,263.46 1 0
davidterranova/jurigen/internal/dag/dag.go:263.46,265.3 1 0
davidterranova/jurigen/internal/dag/dag.go:268.2,286.16 8 0
davidterranova/jurigen/internal/dag/dag.go:286.16,288.3 1 0
davidterranova/jurigen/internal/dag/dag.go:291.2,293.16 3 0
davidterranova/jurigen/internal/dag/dag.go:293.16,295.3 1 0
davidterranova/jurigen/internal/dag/dag.go:296.2,296.23 1 0
davidterranova/jurigen/internal/dag/dag.go:296.23,298.3 1 0
davidterranova/jurigen/internal/dag/dag.go:301.2,304.16 4 0
davidterranova/jurigen/internal/dag/dag.go:304.16,306.3 1 0
davidterranova/jurigen/internal/dag/dag.go:308.2,308.25 1 0
davidterranova/jurigen/internal/dag/dag.go:308.25,311.56 3 0
davidterranova/jurigen/internal/dag/dag.go:311.56,313.4 1 0
davidterranova/jurigen/internal/dag/dag.go:317.2,320.16 4 0
davidterranova/jurigen/internal/dag/dag.go:320.16,322.3 1 0
davidterranova/jurigen/internal/dag/dag.go:324.2,324.19 1 0
davidterranova/jurigen/internal/dag/dag.go:324.19,326.28 2 0
davidterranova/jurigen/internal/dag/dag.go:326.28,328.4 1 0
davidterranova/jurigen/internal/dag/dag.go:329.3,329.41 1 0
davidterranova/jurigen/internal/dag/dag.go:332.2,332.28 1 0
davidterranova/jurigen/internal/port/file_dag_repository.go:21.63,25.2 1 34
davidterranova/jurigen/internal/port/file_dag_repository.go:27.86,30.16 3 178
davidterranova/jurigen/internal/port/file_dag_repository.go:30.16,36.3 1 6
davidterranova/jurigen/internal/port/file_dag_repository.go:38.2,40.16 3 172
davidterranova/jurigen/internal/port/file_dag_repository.go:40.16,46.3 1 1
davidterranova/jurigen/internal/port/file_dag_repository.go:48.2,48.17 1 171
davidterranova/jurigen/internal/port/file_dag_repository.go:52.76,54.16 2 20
davidterranova/jurigen/internal/port/file_dag_repository.go:54.16,56.3 1 1
davidterranova/jurigen/internal/port/file_dag_repository.go:59.2,60.32 2 19
davidterranova/jurigen/internal/port/file_dag_repository.go:60.32,61.20 1 123
davidterranova/jurigen/internal/port/file_dag_repository.go:61.20,62.12 1 1
davidterranova/jurigen/internal/port/file_dag_repository.go:65.3,66.53 2 122
davidterranova/jurigen/internal/port/file_dag_repository.go:66.53,67.12 1 1
davidterranova/jurigen/internal/port/file_dag_repository.go:71.3,73.17 3 121
davidterranova/jurigen/internal/port/file_dag_repository.go:73.17,75.12 1 2
davidterranova/jurigen/internal/port/file_dag_repository.go:78.3,78.24 1 119
davidterranova/jurigen/internal/port/file_dag_repository.go:81.2,81.17 1 19
davidterranova/jurigen/internal/port/file_dag_repository.go:85.80,86.19 1 27
davidterranova/jurigen/internal/port/file_dag_repository.go:86.19,88.3 1 1
davidterranova/jurigen/internal/port/file_dag_repository.go:90.2,93.44 2 26
davidterranova/jurigen/internal/port/file_dag_repository.go:93.44,95.3 1 1
davidterranova/jurigen/internal/port/file_dag_repository.go:98.2,99.16 2 25
davidterranova/jurigen/internal/port/file_dag_repository.go:99.16,101.3 1 0
davidterranova/jurigen/internal/port/file_dag_repository.go:104.2,104.54 1 25
davidterranova/jurigen/internal/port/file_dag_repository.go:104.54,106.3 1 0
davidterranova/jurigen/internal/port/file_dag_repository.go:109.2,110.16 2 25
davidterranova/jurigen/internal/port/file_dag_repository.go:110.16,112.3 1 1
davidterranova/jurigen/internal/port/file_dag_repository.go:114.2,114.12 1 24
davidterranova/jurigen/internal/port/file_dag_repository.go:118.122,121.16 2 6
davidterranova/jurigen/internal/port/file_dag_repository.go:121.16,123.3 1 1
davidterranova/jurigen/internal/port/file_dag_repository.go:126.2,127.16 2 5
davidterranova/jurigen/internal/port/file_dag_repository.go:127.16,129.3 1 1
davidterranova/jurigen/internal/port/file_dag_repository.go:132.2,132.37 1 4
davidterranova/jurigen/internal/port/file_dag_repository.go:132.37,139.3 1 1
davidterranova/jurigen/internal/port/file_dag_repository.go:142.2,143.16 2 3
davidterranova/jurigen/internal/port/file_dag_repository.go:143.16,145.3 1 0
davidterranova/jurigen/internal/port/file_dag_repository.go:148.2,150.16 3 3
davidterranova/jurigen/internal/port/file_dag_repository.go:150.16,152.3 1 0
davidterranova/jurigen/internal/port/file_dag_repository.go:154.2,154.12 1 3
davidterranova/jurigen/internal/port/file_dag_repository.go:158.77,162.52 2 3
davidterranova/jurigen/internal/port/file_dag_repository.go:162.52,168.3 1 1
davidterranova/jurigen/internal/port/file_dag_repository.go:171.2,172.16 2 2
davidterranova/jurigen/internal/port/file_dag_repository.go:172.16,174.3 1 0
davidterranova/jurigen/internal/port/file_dag_repository.go:176.2,176.12 1 2
davidterranova/jurigen/internal/port/hybrid_dag_repository.go:32.84,37.26 4 13
davidterranova/jurigen/internal/port/hybrid_dag_repository.go:37.26,39.3 1 0
davidterranova/jurigen/internal/port/hybrid_dag_repository.go:39.8,41.3 1 13
davidterranova/jurigen/internal/port/hybrid_dag_repository.go:43.2,48.3 1 13
davidterranova/jurigen/internal/port/hybrid_dag_repository.go:53.69,58.16 3 12
davidterranova/jurigen/internal/port/hybrid_dag_repository.go:58.16,60.3 1 0
davidterranova/jurigen/internal/port/hybrid_dag_repository.go:62.2,66.31 3 12
davidterranova/jurigen/internal/port/hybrid_dag_repository.go:66.31,68.17 2 108
davidterranova/jurigen/internal/port/hybrid_dag_repository.go:68.17,73.12 2 0
davidterranova/jurigen/internal/port/hybrid_dag_repository.go:77.3,78.17 2 108
davidterranova/jurigen/internal/port/hybrid_dag_repository.go:78.17,83.12 2 0
davidterranova/jurigen/internal/port/hybrid_dag_repository.go:86.3,86.16 1 108
davidterranova/jurigen/internal/port/hybrid_dag_repository.go:89.2,94.12 2 12
davidterranova/jurigen/internal/port/hybrid_dag_repository.go:99.63,104.16 3 1
davidterranova/jurigen/internal/port/hybrid_dag_repository.go:104.16,106.3 1 0
davidterranova/jurigen/internal/port/hybrid_dag_repository.go:108.2,109.31 2 1
davidterranova/jurigen/internal/port/hybrid_dag_repository.go:109.31,111.17 2 3
davidterranova/jurigen/internal/port/hybrid_dag_repository.go:111.17,116.12 2 0
davidterranova/jurigen/internal/port/hybrid_dag_repository.go:120.3,121.17 2 3
davidterranova/jurigen/internal/port/hybrid_dag_repository.go:121.17,124.4 1 3
davidterranova/jurigen/internal/port/hybrid_dag_repository.go:124.9,126.80 1 0
davidterranova/jurigen/internal/port/hybrid_dag_repository.go:126.80,128.5 1 0
davidterranova/jurigen/internal/port/hybrid_dag_repository.go:131.3,131.17 1 3
davidterranova/jurigen/internal/port/hybrid_dag_repository.go:131.17,136.12 2 0
davidterranova/jurigen/internal/port/hybrid_dag_repository.go:139.3,139.16 1 3
davidterranova/jurigen/internal/port/hybrid_dag_repository.go:142.2,147.12 2 1
davidterranova/jurigen/internal/port/hybrid_dag_repository.go:151.78,153.2 1 4
davidterranova/jurigen/internal/port/hybrid_dag_repository.go:156.88,158.2 1 64
davidterranova/jurigen/internal/port/hybrid_dag_repository.go:161.82,164.16 2 13
davidterranova/jurigen/internal/port/hybrid_dag_repository.go:164.16,166.3 1 0
davidterranova/jurigen/internal/port/hybrid_dag_repository.go:169.2,169.20 1 13
davidterranova/jurigen/internal/port/hybrid_dag_repository.go:169.20,171.17 2 9
davidterranova/jurigen/internal/port/hybrid_dag_repository.go:171.17,174.24 2 0
davidterranova/jurigen/internal/port/hybrid_dag_repository.go:174.24,179.5 1 0
davidterranova/jurigen/internal/port/hybrid_dag_repository.go:180.4,180.83 1 0
davidterranova/jurigen/internal/port/hybrid_dag_repository.go:183.3,185.46 1 9
davidterranova/jurigen/internal/port/hybrid_dag_repository.go:186.8,190.3 1 4
davidterranova/jurigen/internal/port/hybrid_dag_repository.go:192.2,192.12 1 13
davidterranova/jurigen/internal/port/hybrid_dag_repository.go:196.124,199.16 2 1
davidterranova/jurigen/internal/port/hybrid_dag_repository.go:199.16,201.3 1 0
davidterranova/jurigen/internal/port/hybrid_dag_repository.go:204.2,204.20 1 1
davidterranova/jurigen/internal/port/hybrid_dag_repository.go:204.20,206.17 2 1
davidterranova/jurigen/internal/port/hybrid_dag_repository.go:206.17,212.4 2 0
davidterranova/jurigen/internal/port/hybrid_dag_repository.go:214.3,216.46 1 1
davidterranova/jurigen/internal/port/hybrid_dag_repository.go:217.8,221.3 1 0
davidterranova/jurigen/internal/port/hybrid_dag_repository.go:223.2,223.12 1 1
davidterranova/jurigen/internal/port/hybrid_dag_repository.go:227.79,230.16 2 1
davidterranova/jurigen/internal/port/hybrid_dag_repository.go:230.16,232.3 1 0
davidterranova/jurigen/internal/port/hybrid_dag_repository.go:235.2,235.20 1 1
davidterranova/jurigen/internal/port/hybrid_dag_repository.go:235.20,237.17 2 1
davidterranova/jurigen/internal/port/hybrid_dag_repository.go:237.17,243.4 2 0
davidterranova/jurigen/internal/port/hybrid_dag_repository.go:245.3,247.48 1 1
davidterranova/jurigen/internal/port/hybrid_dag_repository.go:248.8,252.3 1 0
davidterranova/jurigen/internal/port/hybrid_dag_repository.go:254.2,254.12 1 1
davidterranova/jurigen/internal/port/hybrid_dag_repository.go:258.92,260.16 2 4
davidterranova/jurigen/internal/port/hybrid_dag_repository.go:260.16,262.3 1 0
davidterranova/jurigen/internal/port/hybrid_dag_repository.go:264.2,265.16 2 4
davidterranova/jurigen/internal/port/hybrid_dag_repository.go:265.16,267.3 1 0
davidterranova/jurigen/internal/port/hybrid_dag_repository.go:269.2,273.8 1 4
davidterranova/jurigen/internal/port/in_memory_dag_repository.go:20.56,24.2 1 25
davidterranova/jurigen/internal/port/in_memory_dag_repository.go:27.90,32.13 4 122
davidterranova/jurigen/internal/port/in_memory_dag_repository.go:32.13,38.3 1 3
davidterranova/jurigen/internal/port/in_memory_dag_repository.go:40.2,40.20 1 119
davidterranova/jurigen/internal/port/in_memory_dag_repository.go:44.84,45.19 1 179
davidterranova/jurigen/internal/port/in_memory_dag_repository.go:45.19,47.3 1 1
davidterranova/jurigen/internal/port/in_memory_dag_repository.go:49.2,53.12 4 178
davidterranova/jurigen/internal/port/in_memory_dag_repository.go:57.81,61.38 3 3
davidterranova/jurigen/internal/port/in_memory_dag_repository.go:61.38,67.3 1 1
davidterranova/jurigen/internal/port/in_memory_dag_repository.go:69.2,70.12 2 2
davidterranova/jurigen/internal/port/in_memory_dag_repository.go:74.80,79.25 4 11
davidterranova/jurigen/internal/port/in_memory_dag_repository.go:79.25,81.3 1 21
davidterranova/jurigen/internal/port/in_memory_dag_repository.go:83.2,83.17 1 11
davidterranova/jurigen/internal/port/in_memory_dag_repository.go:87.126,93.13 4 5
davidterranova/jurigen/internal/port/in_memory_dag_repository.go:93.13,99.3 1 1
davidterranova/jurigen/internal/port/in_memory_dag_repository.go:102.2,103.16 2 4
davidterranova/jurigen/internal/port/in_memory_dag_repository.go:103.16,105.3 1 1
davidterranova/jurigen/internal/port/in_memory_dag_repository.go:108.2,108.37 1 3
davidterranova/jurigen/internal/port/in_memory_dag_repository.go:108.37,115.3 1 1
davidterranova/jurigen/internal/port/in_memory_dag_repository.go:118.2,119.12 2 2
davidterranova/jurigen/internal/adapter/http/dag_handler.go:82.41,86.2 1 22
davidterranova/jurigen/internal/adapter/http/dag_handler.go:102.66,110.16 4 3
davidterranova/jurigen/internal/adapter/http/dag_handler.go:110.16,112.10 2 2
davidterranova/jurigen/internal/adapter/http/dag_handler.go:113.50,115.10 2 1
davidterranova/jurigen/internal/adapter/http/dag_handler.go:116.44,118.10 2 1
davidterranova/jurigen/internal/adapter/http/dag_handler.go:119.11,121.10 2 0
davidterranova/jurigen/internal/adapter/http/dag_handler.go:125.2,125.64 1 1
davidterranova/jurigen/internal/adapter/http/dag_handler.go:139.67,143.16 3 3
davidterranova/jurigen/internal/adapter/http/dag_handler.go:143.16,147.3 3 1
davidterranova/jurigen/internal/adapter/http/dag_handler.go:149.2,149.71 1 2
davidterranova/jurigen/internal/adapter/http/dag_handler.go:167.69,175.16 5 7
davidterranova/jurigen/internal/adapter/http/dag_handler.go:175.16,179.3 3 1
davidterranova/jurigen/internal/adapter/http/dag_handler.go:182.2,189.16 3 6
davidterranova/jurigen/internal/adapter/http/dag_handler.go:189.16,191.10 2 4
davidterranova/jurigen/internal/adapter/http/dag_handler.go:192.50,194.10 2 2
davidterranova/jurigen/internal/adapter/http/dag_handler.go:195.44,197.10 2 1
davidterranova/jurigen/internal/adapter/http/dag_handler.go:198.11,200.10 2 1
davidterranova/jurigen/internal/adapter/http/dag_handler.go:204.2,204.71 1 2
davidterranova/jurigen/internal/adapter/http/dag_handler.go:220.74,226.16 4 7
davidterranova/jurigen/internal/adapter/http/dag_handler.go:226.16,230.3 3 1
davidterranova/jurigen/internal/adapter/http/dag_handler.go:233.2,243.59 5 6
davidterranova/jurigen/internal/adapter/http/dag_handler.go:247.109,267.36 6 6
davidterranova/jurigen/internal/adapter/http/dag_handler.go:267.36,275.3 1 8
davidterranova/jurigen/internal/adapter/http/dag_handler.go:278.2,279.42 2 6
davidterranova/jurigen/internal/adapter/http/dag_handler.go:279.42,286.3 1 0
davidterranova/jurigen/internal/adapter/http/dag_handler.go:288.2,288.18 1 6
davidterranova/jurigen/internal/adapter/http/dag_presenter.go:19.49,21.33 2 10
davidterranova/jurigen/internal/adapter/http/dag_presenter.go:21.33,23.3 1 11
davidterranova/jurigen/internal/adapter/http/dag_presenter.go:25.2,29.3 1 10
davidterranova/jurigen/internal/adapter/http/dag_presenter.go:42.52,44.38 2 11
davidterranova/jurigen/internal/adapter/http/dag_presenter.go:44.38,46.3 1 13
davidterranova/jurigen/internal/adapter/http/dag_presenter.go:48.2,54.11 2 11
davidterranova/jurigen/internal/adapter/http/dag_presenter.go:69.60,77.2 1 13
davidterranova/jurigen/internal/adapter/http/dag_presenter.go:88.63,93.2 1 5
davidterranova/jurigen/internal/adapter/http/dag_presenter.go:96.70,99.48 2 13
davidterranova/jurigen/internal/adapter/http/dag_presenter.go:99.48,102.57 2 21
davidterranova/jurigen/internal/adapter/http/dag_presenter.go:102.57,110.4 1 21
davidterranova/jurigen/internal/adapter/http/dag_presenter.go:112.3,119.31 2 21
davidterranova/jurigen/internal/adapter/http/dag_presenter.go:119.31,121.4 1 21
davidterranova/jurigen/internal/adapter/http/dag_presenter.go:123.3,123.24 1 21
davidterranova/jurigen/internal/adapter/http/dag_presenter.go:126.2,130.3 1 13
davidterranova/jurigen/internal/adapter/http/router.go:16.52,22.2 4 0
davidterranova/jurigen/internal/adapter/http/router.go:24.67,28.19 3 0
davidterranova/jurigen/internal/adapter/http/router.go:28.19,30.3 1 0
davidterranova/jurigen/internal/adapter/http/router.go:32.2,35.74 4 0
davidterranova/jurigen/internal/adapter/http/router.go:39.41,42.2 1 0
